Ar Project2/Library/Bee/Android/Prj/IL2CPP/Gradle/launcher/build/intermediates/manifest_merge_blame_file/release/manifest-merger-blame-release-report.txt
1<?xml version="1.0" encoding="utf-8"?>
2<manifest xmlns:android="http://schemas.android.com/apk/res/android"
3    package="com.DefaultCompany.ArProject2"
4    android:installLocation="preferExternal"
5    android:versionCode="1"
6    android:versionName="0.1" >
7
8    <uses-sdk
9        android:minSdkVersion="24"
9-->src\main\AndroidManifest.xml
10        android:targetSdkVersion="33" />
10-->src\main\AndroidManifest.xml
11
12    <supports-screens
12-->src\main\AndroidManifest.xml:4:3-163
13        android:anyDensity="true"
13-->src\main\AndroidManifest.xml:4:135-160
14        android:largeScreens="true"
14-->src\main\AndroidManifest.xml:4:78-105
15        android:normalScreens="true"
15-->src\main\AndroidManifest.xml:4:49-77
16        android:smallScreens="true"
16-->src\main\AndroidManifest.xml:4:21-48
17        android:xlargeScreens="true" />
17-->src\main\AndroidManifest.xml:4:106-134
18
19    <uses-permission android:name="android.permission.INTERNET" />
19-->[:unityLibrary] AndroidManifest.xml:10:5-67
19-->[:unityLibrary] AndroidManifest.xml:10:22-64
20
21    <uses-feature android:glEsVersion="0x00030000" />
21-->[:unityLibrary] AndroidManifest.xml:12:5-54
21-->[:unityLibrary] AndroidManifest.xml:12:19-51
22    <uses-feature
22-->[:unityLibrary] AndroidManifest.xml:13:5-15:36
23        android:name="android.hardware.touchscreen"
23-->[:unityLibrary] AndroidManifest.xml:14:9-52
24        android:required="false" />
24-->[:unityLibrary] AndroidManifest.xml:15:9-33
25    <uses-feature
25-->[:unityLibrary] AndroidManifest.xml:16:5-18:36
26        android:name="android.hardware.touchscreen.multitouch"
26-->[:unityLibrary] AndroidManifest.xml:17:9-63
27        android:required="false" />
27-->[:unityLibrary] AndroidManifest.xml:18:9-33
28    <uses-feature
28-->[:unityLibrary] AndroidManifest.xml:19:5-21:36
29        android:name="android.hardware.touchscreen.multitouch.distinct"
29-->[:unityLibrary] AndroidManifest.xml:20:9-72
30        android:required="false" />
30-->[:unityLibrary] AndroidManifest.xml:21:9-33
31
32    <uses-permission android:name="android.permission.CAMERA" />
32-->[:unityLibrary] AndroidManifest.xml:23:5-65
32-->[:unityLibrary] AndroidManifest.xml:23:22-62
33
34    <uses-feature
34-->[:unityLibrary] AndroidManifest.xml:25:5-27:35
35        android:name="android.hardware.camera.ar"
35-->[:unityLibrary] AndroidManifest.xml:26:9-50
36        android:required="true" />
36-->[:unityLibrary] AndroidManifest.xml:27:9-32
37    <uses-feature
37-->[:unityLibrary] AndroidManifest.xml:28:5-30:35
38        android:name="com.google.ar.core.depth"
38-->[:unityLibrary] AndroidManifest.xml:29:9-48
39        android:required="true" />
39-->[:unityLibrary] AndroidManifest.xml:30:9-32
40
41    <queries>
41-->[:arcore_client:] AndroidManifest.xml:29:5-31:15
42        <package android:name="com.google.ar.core" />
42-->[:arcore_client:] AndroidManifest.xml:30:9-54
42-->[:arcore_client:] AndroidManifest.xml:30:18-51
43    </queries>
44
45    <permission
45-->[androidx.core:core:1.9.0] AndroidManifest.xml:22:5-24:47
46        android:name="com.DefaultCompany.ArProject2.DYNAMIC_RECEIVER_NOT_EXPORTED_PERMISSION"
46-->[androidx.core:core:1.9.0] AndroidManifest.xml:23:9-81
47        android:protectionLevel="signature" />
47-->[androidx.core:core:1.9.0] AndroidManifest.xml:24:9-44
48
49    <uses-permission android:name="com.DefaultCompany.ArProject2.DYNAMIC_RECEIVER_NOT_EXPORTED_PERMISSION" />
49-->[androidx.core:core:1.9.0] AndroidManifest.xml:26:5-97
49-->[androidx.core:core:1.9.0] AndroidManifest.xml:26:22-94
50
51    <application
51-->src\main\AndroidManifest.xml:3:3-83
52        android:appComponentFactory="androidx.core.app.CoreComponentFactory"
52-->[androidx.core:core:1.9.0] AndroidManifest.xml:28:18-86
53        android:extractNativeLibs="true"
53-->[:unityLibrary] AndroidManifest.xml:32:18-50
54        android:icon="@mipmap/app_icon"
54-->src\main\AndroidManifest.xml:3:16-47
55        android:label="@string/app_name" >
55-->src\main\AndroidManifest.xml:3:48-80
56        <meta-data
56-->[:unityLibrary] AndroidManifest.xml:33:9-35:33
57            android:name="unity.splash-mode"
57-->[:unityLibrary] AndroidManifest.xml:34:13-45
58            android:value="0" />
58-->[:unityLibrary] AndroidManifest.xml:35:13-30
59        <meta-data
59-->[:unityLibrary] AndroidManifest.xml:36:9-38:36
60            android:name="unity.splash-enable"
60-->[:unityLibrary] AndroidManifest.xml:37:13-47
61            android:value="True" />
61-->[:unityLibrary] AndroidManifest.xml:38:13-33
62        <meta-data
62-->[:unityLibrary] AndroidManifest.xml:39:9-41:36
63            android:name="unity.launch-fullscreen"
63-->[:unityLibrary] AndroidManifest.xml:40:13-51
64            android:value="True" />
64-->[:unityLibrary] AndroidManifest.xml:41:13-33
65        <meta-data
65-->[:unityLibrary] AndroidManifest.xml:42:9-44:37
66            android:name="unity.allow-resizable-window"
66-->[:unityLibrary] AndroidManifest.xml:43:13-56
67            android:value="False" />
67-->[:unityLibrary] AndroidManifest.xml:44:13-34
68        <meta-data
68-->[:unityLibrary] AndroidManifest.xml:45:9-47:50
69            android:name="notch.config"
69-->[:unityLibrary] AndroidManifest.xml:46:13-40
70            android:value="portrait|landscape" />
70-->[:unityLibrary] AndroidManifest.xml:47:13-47
71        <meta-data
71-->[:unityLibrary] AndroidManifest.xml:48:9-50:36
72            android:name="unity.auto-report-fully-drawn"
72-->[:unityLibrary] AndroidManifest.xml:49:13-57
73            android:value="true" />
73-->[:unityLibrary] AndroidManifest.xml:50:13-33
74        <meta-data
74-->[:unityLibrary] AndroidManifest.xml:51:9-53:36
75            android:name="unity.strip-engine-code"
75-->[:unityLibrary] AndroidManifest.xml:52:13-51
76            android:value="true" />
76-->[:unityLibrary] AndroidManifest.xml:53:13-33
77
78        <activity
78-->[:unityLibrary] AndroidManifest.xml:55:9-80:20
79            android:name="com.unity3d.player.UnityPlayerGameActivity"
79-->[:unityLibrary] AndroidManifest.xml:56:13-70
80            android:configChanges="mcc|mnc|locale|touchscreen|keyboard|keyboardHidden|navigation|orientation|screenLayout|uiMode|screenSize|smallestScreenSize|fontScale|layoutDirection|density"
80-->[:unityLibrary] AndroidManifest.xml:57:13-194
81            android:enabled="true"
81-->[:unityLibrary] AndroidManifest.xml:58:13-35
82            android:exported="true"
82-->[:unityLibrary] AndroidManifest.xml:59:13-36
83            android:hardwareAccelerated="false"
83-->[:unityLibrary] AndroidManifest.xml:60:13-48
84            android:launchMode="singleTask"
84-->[:unityLibrary] AndroidManifest.xml:61:13-44
85            android:resizeableActivity="false"
85-->[:unityLibrary] AndroidManifest.xml:62:13-47
86            android:screenOrientation="fullUser"
86-->[:unityLibrary] AndroidManifest.xml:63:13-49
87            android:theme="@style/BaseUnityGameActivityTheme" >
87-->[:unityLibrary] AndroidManifest.xml:64:13-62
88            <intent-filter>
88-->[:unityLibrary] AndroidManifest.xml:65:13-69:29
89                <category android:name="android.intent.category.LAUNCHER" />
89-->[:unityLibrary] AndroidManifest.xml:66:17-77
89-->[:unityLibrary] AndroidManifest.xml:66:27-74
90
91                <action android:name="android.intent.action.MAIN" />
91-->[:unityLibrary] AndroidManifest.xml:68:17-69
91-->[:unityLibrary] AndroidManifest.xml:68:25-66
92            </intent-filter>
93
94            <meta-data
94-->[:unityLibrary] AndroidManifest.xml:71:13-73:40
95                android:name="unityplayer.UnityActivity"
95-->[:unityLibrary] AndroidManifest.xml:72:17-57
96                android:value="true" />
96-->[:unityLibrary] AndroidManifest.xml:73:17-37
97            <meta-data
97-->[:unityLibrary] AndroidManifest.xml:74:13-76:40
98                android:name="android.app.lib_name"
98-->[:unityLibrary] AndroidManifest.xml:75:17-52
99                android:value="game" />
99-->[:unityLibrary] AndroidManifest.xml:76:17-37
100            <meta-data
100-->[:unityLibrary] AndroidManifest.xml:77:13-79:40
101                android:name="notch_support"
101-->[:unityLibrary] AndroidManifest.xml:78:17-45
102                android:value="true" />
102-->[:unityLibrary] AndroidManifest.xml:79:17-37
103        </activity>
104
105        <meta-data
105-->[:unityLibrary] AndroidManifest.xml:82:9-84:36
106            android:name="unityplayer.SkipPermissionsDialog"
106-->[:unityLibrary] AndroidManifest.xml:83:13-61
107            android:value="true" />
107-->[:unityLibrary] AndroidManifest.xml:84:13-33
108        <meta-data
108-->[:unityLibrary] AndroidManifest.xml:85:9-87:40
109            android:name="com.google.ar.core"
109-->[:unityLibrary] AndroidManifest.xml:86:13-46
110            android:value="required" /> <!-- The minimal version code of ARCore APK required for an app using this SDK. -->
110-->[:unityLibrary] AndroidManifest.xml:87:13-37
111        <meta-data
111-->[:arcore_client:] AndroidManifest.xml:36:9-38:41
112            android:name="com.google.ar.core.min_apk_version"
112-->[:arcore_client:] AndroidManifest.xml:37:13-62
113            android:value="220920000" /> <!-- This activity is critical for installing ARCore when it is not already present. -->
113-->[:arcore_client:] AndroidManifest.xml:38:13-38
114        <activity
114-->[:arcore_client:] AndroidManifest.xml:40:9-46:80
115            android:name="com.google.ar.core.InstallActivity"
115-->[:arcore_client:] AndroidManifest.xml:41:13-62
116            android:configChanges="keyboardHidden|orientation|screenSize"
116-->[:arcore_client:] AndroidManifest.xml:42:13-74
117            android:excludeFromRecents="true"
117-->[:arcore_client:] AndroidManifest.xml:43:13-46
118            android:exported="false"
118-->[:arcore_client:] AndroidManifest.xml:44:13-37
119            android:launchMode="singleTop"
119-->[:arcore_client:] AndroidManifest.xml:45:13-43
120            android:theme="@android:style/Theme.Material.Light.Dialog.Alert" />
120-->[:arcore_client:] AndroidManifest.xml:46:13-77
121        <activity android:name="com.unity3d.player.UnityPlayerActivity" >
121-->[:unityLibrary:xrmanifest.androidlib] AndroidManifest.xml:10:9-11:20
121-->[:unityLibrary:xrmanifest.androidlib] AndroidManifest.xml:10:19-72
122        </activity>
123
124        <provider
124-->[androidx.emoji2:emoji2:1.2.0] AndroidManifest.xml:24:9-32:20
125            android:name="androidx.startup.InitializationProvider"
125-->[androidx.emoji2:emoji2:1.2.0] AndroidManifest.xml:25:13-67
126            android:authorities="com.DefaultCompany.ArProject2.androidx-startup"
126-->[androidx.emoji2:emoji2:1.2.0] AndroidManifest.xml:26:13-68
127            android:exported="false" >
127-->[androidx.emoji2:emoji2:1.2.0] AndroidManifest.xml:27:13-37
128            <meta-data
128-->[androidx.emoji2:emoji2:1.2.0] AndroidManifest.xml:29:13-31:52
129                android:name="androidx.emoji2.text.EmojiCompatInitializer"
129-->[androidx.emoji2:emoji2:1.2.0] AndroidManifest.xml:30:17-75
130                android:value="androidx.startup" />
130-->[androidx.emoji2:emoji2:1.2.0] AndroidManifest.xml:31:17-49
131            <meta-data
131-->[androidx.lifecycle:lifecycle-process:2.4.1] AndroidManifest.xml:31:13-33:52
132                android:name="androidx.lifecycle.ProcessLifecycleInitializer"
132-->[androidx.lifecycle:lifecycle-process:2.4.1] AndroidManifest.xml:32:17-78
133                android:value="androidx.startup" />
133-->[androidx.lifecycle:lifecycle-process:2.4.1] AndroidManifest.xml:33:17-49
134        </provider>
135    </application>
136
137</manifest>